0 info it worked if it ends with ok
1 verbose cli [ '/home/jeff/.nvm/versions/node/v6.17.1/bin/node',
1 verbose cli   '/home/jeff/.nvm/versions/node/v6.17.1/bin/npm',
1 verbose cli   'view',
1 verbose cli   '--json',
1 verbose cli   '@julius/common',
1 verbose cli   'description',
1 verbose cli   'dist-tags.latest',
1 verbose cli   'homepage',
1 verbose cli   'version' ]
2 info using npm@3.10.10
3 info using node@v6.17.1
4 silly mapToRegistry name @julius/common
5 silly mapToRegistry scope (from package name) @julius
6 verbose mapToRegistry no registry URL found in name for scope @julius
7 silly mapToRegistry using default registry
8 silly mapToRegistry registry https://registry.npmjs.org/
9 silly mapToRegistry data Result {
9 silly mapToRegistry   raw: '@julius/common',
9 silly mapToRegistry   scope: '@julius',
9 silly mapToRegistry   escapedName: '@julius%2fcommon',
9 silly mapToRegistry   name: '@julius/common',
9 silly mapToRegistry   rawSpec: '',
9 silly mapToRegistry   spec: 'latest',
9 silly mapToRegistry   type: 'tag' }
10 silly mapToRegistry uri https://registry.npmjs.org/@julius%2fcommon
11 verbose request uri https://registry.npmjs.org/@julius%2fcommon
12 verbose request no auth needed
13 info attempt registry request try #1 at 3:33:15 PM
14 verbose request id c14d2b7d1b64d4fa
15 http request GET https://registry.npmjs.org/@julius%2fcommon
16 http 404 https://registry.npmjs.org/@julius%2fcommon
17 verbose headers { date: 'Tue, 15 Mar 2022 18:33:16 GMT',
17 verbose headers   'content-type': 'application/json',
17 verbose headers   'content-length': '21',
17 verbose headers   connection: 'keep-alive',
17 verbose headers   'expect-ct': 'max-age=604800, report-uri="https://report-uri.cloudflare.com/cdn-cgi/beacon/expect-ct"',
17 verbose headers   vary: 'Accept-Encoding',
17 verbose headers   server: 'cloudflare',
17 verbose headers   'cf-ray': '6ec7561e8f279417-UDI' }
18 silly get cb [ 404,
18 silly get   { date: 'Tue, 15 Mar 2022 18:33:16 GMT',
18 silly get     'content-type': 'application/json',
18 silly get     'content-length': '21',
18 silly get     connection: 'keep-alive',
18 silly get     'expect-ct': 'max-age=604800, report-uri="https://report-uri.cloudflare.com/cdn-cgi/beacon/expect-ct"',
18 silly get     vary: 'Accept-Encoding',
18 silly get     server: 'cloudflare',
18 silly get     'cf-ray': '6ec7561e8f279417-UDI' } ]
19 verbose stack Error: Not found : @julius/common
19 verbose stack     at makeError (/home/jeff/.nvm/versions/node/v6.17.1/lib/node_modules/npm/node_modules/npm-registry-client/lib/request.js:302:12)
19 verbose stack     at CachingRegistryClient.<anonymous> (/home/jeff/.nvm/versions/node/v6.17.1/lib/node_modules/npm/node_modules/npm-registry-client/lib/request.js:290:14)
19 verbose stack     at Request._callback (/home/jeff/.nvm/versions/node/v6.17.1/lib/node_modules/npm/node_modules/npm-registry-client/lib/request.js:210:14)
19 verbose stack     at Request.self.callback (/home/jeff/.nvm/versions/node/v6.17.1/lib/node_modules/npm/node_modules/request/request.js:187:22)
19 verbose stack     at emitTwo (events.js:106:13)
19 verbose stack     at Request.emit (events.js:191:7)
19 verbose stack     at Request.<anonymous> (/home/jeff/.nvm/versions/node/v6.17.1/lib/node_modules/npm/node_modules/request/request.js:1048:10)
19 verbose stack     at emitOne (events.js:96:13)
19 verbose stack     at Request.emit (events.js:188:7)
19 verbose stack     at IncomingMessage.<anonymous> (/home/jeff/.nvm/versions/node/v6.17.1/lib/node_modules/npm/node_modules/request/request.js:969:12)
20 verbose statusCode 404
21 verbose pkgid @julius/common
22 verbose cwd /home/jeff/Desktop/estudos/lerna-monorepo-module-federation/packages/admin
23 error Linux 5.4.0-104-generic
24 error argv "/home/jeff/.nvm/versions/node/v6.17.1/bin/node" "/home/jeff/.nvm/versions/node/v6.17.1/bin/npm" "view" "--json" "@julius/common" "description" "dist-tags.latest" "homepage" "version"
25 error node v6.17.1
26 error npm  v3.10.10
27 error code E404
28 error 404 Not found : @julius/common
29 error 404
30 error 404 '@julius/common' is not in the npm registry.
31 error 404 You should bug the author to publish it (or use the name yourself!)
32 error 404 Note that you can also install from a
33 error 404 tarball, folder, http url, or git url.
34 verbose exit [ 1, true ]
